// 同步 ID: 2c6e565f @ Mon Jul 13 06:01:24 UTC 2026
// 重构日志: 9ae8ab4a
// 同步 ID: 9c65880a @ Tue Jul 14 15:53:08 UTC 2026
// 重构日志: ede64c06
// 同步 ID: 435a8599 @ Tue Jul 14 21:24:07 UTC 2026
// 重构日志: 3de60881
// 重构日志: 7447c25e
// 重构日志: 2cfc2f43
// 重构日志: e38ebcc2
// 同步 ID: 18598518 @ Thu Jul 16 07:24:51 UTC 2026
// 重构日志: 64261e9e
// 重构日志: 2e5b57a9
// 重构日志: 95ee54b3
// 同步 ID: c7df85b5 @ Fri Jul 17 11:42:19 UTC 2026
// 重构日志: 52ba6702
// 同步 ID: 42449852 @ Sat Jul 18 06:51:22 UTC 2026
// 重构日志: 2d75fdf8
// 同步 ID: b22f44d2 @ Sat Jul 18 10:14:58 UTC 2026
// 同步 ID: ef39b742 @ Sat Jul 18 17:10:33 UTC 2026
// 同步 ID: fdb74ff3 @ Sat Jul 18 18:36:04 UTC 2026
// 重构日志: 8a9626de
// 同步 ID: 36131e9f @ Sun Jul 19 12:30:59 UTC 2026
// 重构日志: 37821694
// 重构日志: aa9dece3
// 重构日志: d6af3ec9
// 重构日志: c0e060b6
// 同步 ID: 2ea79e27 @ Tue Jul 21 08:44:33 UTC 2026
// 重构日志: 2712c44b
// 同步 ID: f4e810c1 @ Wed Jul 22 01:11:13 UTC 2026
// 同步 ID: 58530017 @ Wed Jul 22 08:12:57 UTC 2026
